0 verbose cli D:\Flowise\node.exe C:\Users\12989\AppData\Roaming\npm\node_modules\npm\bin\npm-cli.js
1 info using npm@11.11.0
2 info using node@v24.11.1
3 silly config load:file:C:\Users\12989\AppData\Roaming\npm\node_modules\npm\npmrc
4 silly config load:file:D:\文件\网站\strueauto.com\MemFlow\web-ui\.npmrc
5 silly config load:file:C:\Users\12989\.npmrc
6 silly config load:file:C:\Users\12989\AppData\Roaming\npm\etc\npmrc
7 verbose title npm install
8 verbose argv "install"
9 verbose logfile logs-max:10 dir:D:\文件\网站\strueauto.com\MemFlow\.npm-cache\_logs\2026-04-30T15_47_04_436Z-
10 verbose logfile D:\文件\网站\strueauto.com\MemFlow\.npm-cache\_logs\2026-04-30T15_47_04_436Z-debug-0.log
11 silly logfile done cleaning log files
12 silly packumentCache heap:4496293888 maxSize:1124073472 maxEntrySize:562036736
13 silly idealTree buildDeps
14 silly fetch manifest @testing-library/jest-dom@^6.6.3
15 silly packumentCache full:https://registry.npmjs.org/@testing-library%2fjest-dom cache-miss
16 http fetch GET 200 https://registry.npmjs.org/npm 1744ms
17 http fetch GET 200 https://registry.npmjs.org/@testing-library%2fjest-dom 1505ms (cache miss)
18 silly fetch manifest @testing-library/react@^16.1.0
19 silly packumentCache full:https://registry.npmjs.org/@testing-library%2freact cache-miss
20 http fetch GET 200 https://registry.npmjs.org/@testing-library%2freact 437ms (cache miss)
21 silly fetch manifest jsdom@^25.0.1
22 silly packumentCache full:https://registry.npmjs.org/jsdom cache-miss
23 http fetch GET 200 https://registry.npmjs.org/jsdom 1509ms (cache miss)
24 silly fetch manifest vitest@^2.1.8
25 silly packumentCache full:https://registry.npmjs.org/vitest cache-miss
26 http fetch GET 200 https://registry.npmjs.org/vitest 628ms (cache miss)
27 silly placeDep ROOT @testing-library/jest-dom@ OK for: memflow-web-ui@0.1.0 want: ^6.6.3
28 silly placeDep ROOT @testing-library/react@ OK for: memflow-web-ui@0.1.0 want: ^16.1.0
29 silly placeDep ROOT jsdom@ OK for: memflow-web-ui@0.1.0 want: ^25.0.1
30 silly placeDep ROOT vitest@ OK for: memflow-web-ui@0.1.0 want: ^2.1.8
31 verbose type system
32 verbose stack FetchError: Invalid response body while trying to fetch https://registry.npmjs.org/@testing-library%2fjest-dom: EPERM: operation not permitted, unlink 'D:\文件\网站\strueauto.com\MemFlow\.npm-cache\_cacache\tmp\bef48810'
32 verbose stack     at C:\Users\12989\AppData\Roaming\npm\node_modules\npm\node_modules\minipass-fetch\lib\body.js:174:15
32 verbose stack     at async Response.json (C:\Users\12989\AppData\Roaming\npm\node_modules\npm\node_modules\minipass-fetch\lib\body.js:75:17)
32 verbose stack     at async RegistryFetcher.packument (C:\Users\12989\AppData\Roaming\npm\node_modules\npm\node_modules\pacote\lib\registry.js:98:25)
32 verbose stack     at async RegistryFetcher.manifest (C:\Users\12989\AppData\Roaming\npm\node_modules\npm\node_modules\pacote\lib\registry.js:128:23)
32 verbose stack     at async #fetchManifest (C:\Users\12989\AppData\Roaming\npm\node_modules\npm\node_modules\@npmcli\arborist\lib\arborist\build-ideal-tree.js:1227:20)
32 verbose stack     at async #nodeFromEdge (C:\Users\12989\AppData\Roaming\npm\node_modules\npm\node_modules\@npmcli\arborist\lib\arborist\build-ideal-tree.js:1061:19)
32 verbose stack     at async #buildDepStep (C:\Users\12989\AppData\Roaming\npm\node_modules\npm\node_modules\@npmcli\arborist\lib\arborist\build-ideal-tree.js:917:11)
32 verbose stack     at async Arborist.buildIdealTree (C:\Users\12989\AppData\Roaming\npm\node_modules\npm\node_modules\@npmcli\arborist\lib\arborist\build-ideal-tree.js:170:7)
32 verbose stack     at async Promise.all (index 1)
32 verbose stack     at async Arborist.reify (C:\Users\12989\AppData\Roaming\npm\node_modules\npm\node_modules\@npmcli\arborist\lib\arborist\reify.js:110:5)
33 error code EPERM
34 error syscall unlink
35 error path D:\文件\网站\strueauto.com\MemFlow\.npm-cache\_cacache\tmp\bef48810
36 error errno EPERM
37 error FetchError: Invalid response body while trying to fetch https://registry.npmjs.org/@testing-library%2fjest-dom: EPERM: operation not permitted, unlink 'D:\文件\网站\strueauto.com\MemFlow\.npm-cache\_cacache\tmp\bef48810'
37 error     at C:\Users\12989\AppData\Roaming\npm\node_modules\npm\node_modules\minipass-fetch\lib\body.js:174:15
37 error     at async Response.json (C:\Users\12989\AppData\Roaming\npm\node_modules\npm\node_modules\minipass-fetch\lib\body.js:75:17)
37 error     at async RegistryFetcher.packument (C:\Users\12989\AppData\Roaming\npm\node_modules\npm\node_modules\pacote\lib\registry.js:98:25)
37 error     at async RegistryFetcher.manifest (C:\Users\12989\AppData\Roaming\npm\node_modules\npm\node_modules\pacote\lib\registry.js:128:23)
37 error     at async #fetchManifest (C:\Users\12989\AppData\Roaming\npm\node_modules\npm\node_modules\@npmcli\arborist\lib\arborist\build-ideal-tree.js:1227:20)
37 error     at async #nodeFromEdge (C:\Users\12989\AppData\Roaming\npm\node_modules\npm\node_modules\@npmcli\arborist\lib\arborist\build-ideal-tree.js:1061:19)
37 error     at async #buildDepStep (C:\Users\12989\AppData\Roaming\npm\node_modules\npm\node_modules\@npmcli\arborist\lib\arborist\build-ideal-tree.js:917:11)
37 error     at async Arborist.buildIdealTree (C:\Users\12989\AppData\Roaming\npm\node_modules\npm\node_modules\@npmcli\arborist\lib\arborist\build-ideal-tree.js:170:7)
37 error     at async Promise.all (index 1)
37 error     at async Arborist.reify (C:\Users\12989\AppData\Roaming\npm\node_modules\npm\node_modules\@npmcli\arborist\lib\arborist\reify.js:110:5) {
37 error   code: 'EPERM',
37 error   errno: 'EPERM',
37 error   syscall: 'unlink',
37 error   path: 'D:\\文件\\网站\\strueauto.com\\MemFlow\\.npm-cache\\_cacache\\tmp\\bef48810',
37 error   type: 'system',
37 error   requiredBy: '.'
37 error }
38 error
38 error The operation was rejected by your operating system.
38 error It's possible that the file was already in use (by a text editor or antivirus),
38 error or that you lack permissions to access it.
38 error
38 error If you believe this might be a permissions issue, please double-check the
38 error permissions of the file and its containing directories, or try running
38 error the command again as root/Administrator.
39 silly unfinished npm timer reify 1777564026695
40 silly unfinished npm timer reify:loadTrees 1777564026700
41 verbose cwd D:\文件\网站\strueauto.com\MemFlow\web-ui
42 verbose os Windows_NT 10.0.22631
43 verbose node v24.11.1
44 verbose npm  v11.11.0
45 notice
45 notice New minor version of npm available! 11.11.0 -> 11.13.0
45 notice Changelog: https://github.com/npm/cli/releases/tag/v11.13.0
45 notice To update run: npm install -g npm@11.13.0
45 notice  { force: true, Symbol(proc-log.meta): true }
46 verbose exit 1
47 verbose code 1
48 error A complete log of this run can be found in: D:\文件\网站\strueauto.com\MemFlow\.npm-cache\_logs\2026-04-30T15_47_04_436Z-debug-0.log
