0 verbose cli D:\Flowise\node.exe C:\Users\12989\AppData\Roaming\npm\node_modules\npm\bin\npm-cli.js
1 info using npm@11.11.0
2 info using node@v24.11.1
3 silly config load:file:C:\Users\12989\AppData\Roaming\npm\node_modules\npm\npmrc
4 silly config load:file:D:\文件\网站\strueauto.com\MemFlow\.npmrc
5 silly config load:file:C:\Users\12989\.npmrc
6 silly config load:file:C:\Users\12989\AppData\Roaming\npm\etc\npmrc
7 verbose title npm exec zeabur --help
8 verbose argv "exec" "--" "zeabur" "--help"
9 verbose logfile logs-max:10 dir:d:\文件\网站\strueauto.com\MemFlow\.npm-cache\_logs\2026-04-13T08_54_03_275Z-
10 verbose logfile d:\文件\网站\strueauto.com\MemFlow\.npm-cache\_logs\2026-04-13T08_54_03_275Z-debug-0.log
11 silly logfile done cleaning log files
12 silly packumentCache heap:4496293888 maxSize:1124073472 maxEntrySize:562036736
13 http fetch GET 200 https://registry.npmjs.org/zeabur 1118ms (cache miss)
14 verbose type system
15 verbose stack FetchError: Invalid response body while trying to fetch https://registry.npmjs.org/zeabur: EPERM: operation not permitted, unlink 'd:\文件\网站\strueauto.com\MemFlow\.npm-cache\_cacache\tmp\c9ba2ebb'
15 verbose stack     at C:\Users\12989\AppData\Roaming\npm\node_modules\npm\node_modules\minipass-fetch\lib\body.js:174:15
15 verbose stack     at async Response.json (C:\Users\12989\AppData\Roaming\npm\node_modules\npm\node_modules\minipass-fetch\lib\body.js:75:17)
15 verbose stack     at async RegistryFetcher.packument (C:\Users\12989\AppData\Roaming\npm\node_modules\npm\node_modules\pacote\lib\registry.js:98:25)
15 verbose stack     at async RegistryFetcher.manifest (C:\Users\12989\AppData\Roaming\npm\node_modules\npm\node_modules\pacote\lib\registry.js:128:23)
15 verbose stack     at async getManifest (C:\Users\12989\AppData\Roaming\npm\node_modules\npm\node_modules\libnpmexec\lib\index.js:29:22)
15 verbose stack     at async missingFromTree (C:\Users\12989\AppData\Roaming\npm\node_modules\npm\node_modules\libnpmexec\lib\index.js:69:22)
15 verbose stack     at async C:\Users\12989\AppData\Roaming\npm\node_modules\npm\node_modules\libnpmexec\lib\index.js:191:32
15 verbose stack     at async Promise.all (index 0)
15 verbose stack     at async exec (C:\Users\12989\AppData\Roaming\npm\node_modules\npm\node_modules\libnpmexec\lib\index.js:189:3)
15 verbose stack     at async Npm.exec (C:\Users\12989\AppData\Roaming\npm\node_modules\npm\lib\npm.js:209:9)
16 error code EPERM
17 error syscall unlink
18 error path d:\文件\网站\strueauto.com\MemFlow\.npm-cache\_cacache\tmp\c9ba2ebb
19 error errno EPERM
20 error FetchError: Invalid response body while trying to fetch https://registry.npmjs.org/zeabur: EPERM: operation not permitted, unlink 'd:\文件\网站\strueauto.com\MemFlow\.npm-cache\_cacache\tmp\c9ba2ebb'
20 error     at C:\Users\12989\AppData\Roaming\npm\node_modules\npm\node_modules\minipass-fetch\lib\body.js:174:15
20 error     at async Response.json (C:\Users\12989\AppData\Roaming\npm\node_modules\npm\node_modules\minipass-fetch\lib\body.js:75:17)
20 error     at async RegistryFetcher.packument (C:\Users\12989\AppData\Roaming\npm\node_modules\npm\node_modules\pacote\lib\registry.js:98:25)
20 error     at async RegistryFetcher.manifest (C:\Users\12989\AppData\Roaming\npm\node_modules\npm\node_modules\pacote\lib\registry.js:128:23)
20 error     at async getManifest (C:\Users\12989\AppData\Roaming\npm\node_modules\npm\node_modules\libnpmexec\lib\index.js:29:22)
20 error     at async missingFromTree (C:\Users\12989\AppData\Roaming\npm\node_modules\npm\node_modules\libnpmexec\lib\index.js:69:22)
20 error     at async C:\Users\12989\AppData\Roaming\npm\node_modules\npm\node_modules\libnpmexec\lib\index.js:191:32
20 error     at async Promise.all (index 0)
20 error     at async exec (C:\Users\12989\AppData\Roaming\npm\node_modules\npm\node_modules\libnpmexec\lib\index.js:189:3)
20 error     at async Npm.exec (C:\Users\12989\AppData\Roaming\npm\node_modules\npm\lib\npm.js:209:9) {
20 error   code: 'EPERM',
20 error   errno: 'EPERM',
20 error   syscall: 'unlink',
20 error   path: 'd:\\文件\\网站\\strueauto.com\\MemFlow\\.npm-cache\\_cacache\\tmp\\c9ba2ebb',
20 error   type: 'system'
20 error }
21 error
21 error The operation was rejected by your operating system.
21 error It's possible that the file was already in use (by a text editor or antivirus),
21 error or that you lack permissions to access it.
21 error
21 error If you believe this might be a permissions issue, please double-check the
21 error permissions of the file and its containing directories, or try running
21 error the command again as root/Administrator.
22 verbose cwd D:\文件\网站\strueauto.com\MemFlow
23 verbose os Windows_NT 10.0.22631
24 verbose node v24.11.1
25 verbose npm  v11.11.0
26 verbose exit 1
27 verbose code 1
28 error A complete log of this run can be found in: d:\文件\网站\strueauto.com\MemFlow\.npm-cache\_logs\2026-04-13T08_54_03_275Z-debug-0.log
